#
# There is insufficient memory for the Java Runtime Environment to continue.
# Native memory allocation (malloc) failed to allocate 1048576 bytes for AllocateHeap
# Possible reasons:
#   The system is out of physical RAM or swap space
#   The process is running with CompressedOops enabled, and the Java Heap may be blocking the growth of the native heap
# Possible solutions:
#   Reduce memory load on the system
#   Increase physical memory or swap space
#   Check if swap backing store is full
#   Decrease Java heap size (-Xmx/-Xms)
#   Decrease number of Java threads
#   Decrease Java thread stack sizes (-Xss)
#   Set larger code cache with -XX:ReservedCodeCacheSize=
#   JVM is running with Zero Based Compressed Oops mode in which the Java heap is
#     placed in the first 32GB address space. The Java Heap base address is the
#     maximum limit for the native heap growth. Please use -XX:HeapBaseMinAddress
#     to set the Java Heap base and to place the Java Heap above 32GB virtual address.
# This output file may be truncated or incomplete.
#
#  Out of Memory Error (memory/allocation.inline.hpp:61), pid=18540, tid=0x0000000000005234
#
# JRE version:  (8.0_202-b03) (build )
# Java VM: OpenJDK 64-Bit Server VM (25.202-b03 mixed mode windows-amd64 compressed oops)
# Failed to write core dump. Minidumps are not enabled by default on client versions of Windows
#

---------------  T H R E A D  ---------------

Current thread (0x0000000002db2800):  JavaThread "Unknown thread" [_thread_in_vm, id=21044, stack(0x0000000002cb0000,0x0000000002db0000)]

Stack: [0x0000000002cb0000,0x0000000002db0000]
[error occurred during error reporting (printing stack bounds), id 0xc0000005]

Native frames: (J=compiled Java code, j=interpreted, Vv=VM code, C=native code)


---------------  P R O C E S S  ---------------

Java Threads: ( => current thread )

Other Threads:

=>0x0000000002db2800 (exited) JavaThread "Unknown thread" [_thread_in_vm, id=21044, stack(0x0000000002cb0000,0x0000000002db0000)]

VM state:not at safepoint (normal execution)

VM Mutex/Monitor currently owned by a thread: None

heap address: 0x00000006c1800000, size: 4072 MB, Compressed Oops mode: Zero based, Oop shift amount: 3
Narrow klass base: 0x0000000000000000, Narrow klass shift: 3
Compressed class space size: 1073741824 Address: 0x00000007c0000000

Heap:
 PSYoungGen      total 76288K, used 1310K [0x000000076b300000, 0x0000000770800000, 0x00000007c0000000)
  eden space 65536K, 2% used [0x000000076b300000,0x000000076b447af0,0x000000076f300000)
  from space 10752K, 0% used [0x000000076fd80000,0x000000076fd80000,0x0000000770800000)
  to   space 10752K, 0% used [0x000000076f300000,0x000000076f300000,0x000000076fd80000)
 ParOldGen       total 175104K, used 0K [0x00000006c1800000, 0x00000006cc300000, 0x000000076b300000)
  object space 175104K, 0% used [0x00000006c1800000,0x00000006c1800000,0x00000006cc300000)
 Metaspace       used 778K, capacity 4480K, committed 4480K, reserved 1056768K
  class space    used 74K, capacity 384K, committed 384K, reserved 1048576K

Card table byte_map: [0x0000000012270000,0x0000000012a70000] byte_map_base: 0x000000000ec64000

Marking Bits: (ParMarkBitMap*) 0x00000000639e9f30
 Begin Bits: [0x00000000137c0000, 0x0000000017760000)
 End Bits:   [0x0000000017760000, 0x000000001b700000)

Polling page: 0x0000000000f70000

CodeCache: size=245760Kb used=328Kb max_used=328Kb free=245431Kb
 bounds [0x0000000002eb0000, 0x0000000003120000, 0x0000000011eb0000]
 total_blobs=57 nmethods=0 adapters=38
 compilation: enabled

Compilation events (0 events):
No events

GC Heap History (0 events):
No events

Deoptimization events (0 events):
No events

Classes redefined (0 events):
No events

Internal exceptions (0 events):
No events

Events (10 events):
Event: 4.052 loading class java/lang/Short
Event: 4.052 loading class java/lang/Short done
Event: 4.052 loading class java/lang/Integer
Event: 4.052 loading class java/lang/Integer done
Event: 4.052 loading class java/lang/Long
Event: 4.052 loading class java/lang/Long done
Event: 4.053 loading class java/lang/NullPointerException
Event: 4.053 loading class java/lang/NullPointerException done
Event: 4.053 loading class java/lang/ArithmeticException
Event: 4.053 loading class java/lang/ArithmeticException done


Dynamic libraries:
0x00007ff7c5030000 - 0x00007ff7c5061000 	C:\Program Files\Android\Android Studio\jre\bin\java.EXE
0x00007fff472a0000 - 0x00007fff47490000 	C:\WINDOWS\SYSTEM32\ntdll.dll
0x00007fff46330000 - 0x00007fff463e2000 	C:\WINDOWS\System32\KERNEL32.DLL
0x00007fff44550000 - 0x00007fff447f3000 	C:\WINDOWS\System32\KERNELBASE.dll
0x00007fff46720000 - 0x00007fff467c3000 	C:\WINDOWS\System32\ADVAPI32.dll
0x00007fff46680000 - 0x00007fff4671e000 	C:\WINDOWS\System32\msvcrt.dll
0x00007fff463f0000 - 0x00007fff46487000 	C:\WINDOWS\System32\sechost.dll
0x00007fff45d90000 - 0x00007fff45eb0000 	C:\WINDOWS\System32\RPCRT4.dll
0x00007fff45bf0000 - 0x00007fff45d84000 	C:\WINDOWS\System32\USER32.dll
0x00007fff442e0000 - 0x00007fff44301000 	C:\WINDOWS\System32\win32u.dll
0x00007fff45fa0000 - 0x00007fff45fc6000 	C:\WINDOWS\System32\GDI32.dll
0x00007fff44310000 - 0x00007fff444a4000 	C:\WINDOWS\System32\gdi32full.dll
0x00007fff44850000 - 0x00007fff448ee000 	C:\WINDOWS\System32\msvcp_win.dll
0x00007fff45250000 - 0x00007fff4534a000 	C:\WINDOWS\System32\ucrtbase.dll
0x00007fff37d90000 - 0x00007fff38015000 	C:\WINDOWS\WinSxS\amd64_microsoft.windows.common-controls_6595b64144ccf1df_6.0.18362.476_none_e6c4b11b130f2595\COMCTL32.dll
0x00007fff45fd0000 - 0x00007fff46306000 	C:\WINDOWS\System32\combase.dll
0x00007fff444b0000 - 0x00007fff44530000 	C:\WINDOWS\System32\bcryptPrimitives.dll
0x00007fff46490000 - 0x00007fff464be000 	C:\WINDOWS\System32\IMM32.DLL
0x0000000062f00000 - 0x0000000062fd2000 	C:\Program Files\Android\Android Studio\jre\jre\bin\msvcr100.dll
0x0000000063220000 - 0x0000000063a66000 	C:\Program Files\Android\Android Studio\jre\jre\bin\server\jvm.dll
0x00007fff46830000 - 0x00007fff46838000 	C:\WINDOWS\System32\PSAPI.DLL
0x00007fff42c50000 - 0x00007fff42c59000 	C:\WINDOWS\SYSTEM32\WSOCK32.dll
0x00007fff464c0000 - 0x00007fff4652f000 	C:\WINDOWS\System32\WS2_32.dll
0x00007fff3b280000 - 0x00007fff3b2a4000 	C:\WINDOWS\SYSTEM32\WINMM.dll
0x00007fff3f120000 - 0x00007fff3f12a000 	C:\WINDOWS\SYSTEM32\VERSION.dll
0x00007fff3bdf0000 - 0x00007fff3be1d000 	C:\WINDOWS\SYSTEM32\WINMMBASE.dll
0x00007fff44800000 - 0x00007fff4484a000 	C:\WINDOWS\System32\cfgmgr32.dll
0x00007fff3b210000 - 0x00007fff3b21f000 	C:\Program Files\Android\Android Studio\jre\jre\bin\verify.dll
0x00007fff0ed00000 - 0x00007fff0ed29000 	C:\Program Files\Android\Android Studio\jre\jre\bin\java.dll
0x00007fff0ece0000 - 0x00007fff0ecf6000 	C:\Program Files\Android\Android Studio\jre\jre\bin\zip.dll

VM Arguments:
java_command: <unknown>
java_class_path (initial): .
Launcher Type: SUN_STANDARD

Environment Variables:
PATH=C:\ProgramData\Oracle\Java\javapath;C:\WinAVR-20100110\bin;C:\WinAVR-20100110\utils\bin;C:\Windows\System32\curl-7.55.1;C:\WINDOWS\system32;C:\WINDOWS;C:\WINDOWS\System32\Wbem;C:\WINDOWS\System32\WindowsPowerShell\v1.0\;C:\Program Files (x86)\NVIDIA Corporation\PhysX\Common;C:\WINDOWS\System32\OpenSSH\;C:\Program Files\dotnet\;C:\Program Files\nodejs\;C:\Program Files\Microsoft VS Code\bin;C:\Program Files\MATLAB\R2018a\runtime\win64;C:\Program Files\MATLAB\R2018a\bin;C:\Program Files\NVIDIA Corporation\NVIDIA NvDLISR;C:\WINDOWS\system32;C:\WINDOWS;C:\WINDOWS\System32\Wbem;C:\WINDOWS\System32\WindowsPowerShell\v1.0\;C:\WINDOWS\System32\OpenSSH\;C:\Program Files\Git\cmd;C:\Program Files\Dart\dart-sdk\bin;C:\Users\micha\AppData\Local\Programs\Python\Python37-32\Scripts\;C:\Users\micha\AppData\Local\Programs\Python\Python37-32\;C:\Users\micha\AppData\Local\Microsoft\WindowsApps;C:\Modeltech_pe_edu_10.4a\win32pe_edu;C:\Users\micha\AppData\Local\atom\bin;C:\Program Files\Microsoft VS Code\bin;C:\Users\micha\.dotnet\tools;C:\Users\micha\AppData\Roaming\npm;C:\Users\micha\AppData\Local\GitHubDesktop\bin;C:\Users\micha\AppData\Local\Microsoft\WindowsApps;C:\src\flutter\bin;;C:\src\flutter\bin\mingit\cmd
USERNAME=Michael
OS=Windows_NT
PROCESSOR_IDENTIFIER=Intel64 Family 6 Model 94 Stepping 3, GenuineIntel



---------------  S Y S T E M  ---------------

OS: Windows 10.0 , 64 bit Build 18362 (10.0.18362.329)

CPU:total 8 (initial active 8) (4 cores per cpu, 2 threads per core) family 6 model 94 stepping 3, cmov, cx8, fxsr, mmx, sse, sse2, sse3, ssse3, sse4.1, sse4.2, popcnt, avx, avx2, aes, clmul, erms, rtm, 3dnowpref, lzcnt, ht, tsc, tscinvbit, bmi1, bmi2, adx

Memory: 4k page, physical 16673304k(1992320k free), swap 34755572k(632696k free)

vm_info: OpenJDK 64-Bit Server VM (25.202-b03) for windows-amd64 JRE (1.8.0_202-release-1483-b03), built by "builder" with MS VC++ 10.0 (VS2010)

time: Mon Nov 25 23:13:38 2019
timezone: Egypt Standard Time
elapsed time: 5 seconds (0d 0h 0m 5s)

